
/bin/sh: gh: command not found
{
  "timestamp": "2025-12-09T11:20:25.436Z",
  "exception": {
    "name": "PrismaClientValidationError",
    "clientVersion": "7.1.0"
  },
  "message": "\nInvalid `this.prisma.role.findUnique()` invocation in\n/Users/daniyal/files/dev/ws-server-setup/world-schools/apps/wc-nest-api/src/modules/superadmin/roles/roles.service.ts:19:49\n\n  16 const { permission_ids, ...roleData } = createRoleDto\n  17 \n  18 // Check if role with same name already exists (system-wide)\n→ 19 const existingRole = await this.prisma.role.findUnique({\n       where: {\n         name_providerId: {\n           name: \"Test Error Log\",\n     +     providerId: String\n         }\n       }\n     })\n\nArgument `providerId` must not be null.",
  "stack": "PrismaClientValidationError: \nInvalid `this.prisma.role.findUnique()` invocation in\n/Users/daniyal/files/dev/ws-server-setup/world-schools/apps/wc-nest-api/src/modules/superadmin/roles/roles.service.ts:19:49\n\n  16 const { permission_ids, ...roleData } = createRoleDto\n  17 \n  18 // Check if role with same name already exists (system-wide)\n→ 19 const existingRole = await this.prisma.role.findUnique({\n       where: {\n         name_providerId: {\n           name: \"Test Error Log\",\n     +     providerId: String\n         }\n       }\n     })\n\nArgument `providerId` must not be null.\n    at throwValidationException (/Users/daniyal/files/dev/ws-server-setup/world-schools/node_modules/@prisma/client/src/runtime/core/errorRendering/throwValidationException.ts:46:9)\n    at qr.handleRequestError (/Users/daniyal/files/dev/ws-server-setup/world-schools/node_modules/@prisma/client/src/runtime/RequestHandler.ts:202:7)\n    at qr.handleAndLogRequestError (/Users/daniyal/files/dev/ws-server-setup/world-schools/node_modules/@prisma/client/src/runtime/RequestHandler.ts:174:12)\n    at qr.request (/Users/daniyal/files/dev/ws-server-setup/world-schools/node_modules/@prisma/client/src/runtime/RequestHandler.ts:143:12)\n    at processTicksAndRejections (node:internal/process/task_queues:105:5)\n    at a (/Users/daniyal/files/dev/ws-server-setup/world-schools/node_modules/@prisma/client/src/runtime/getPrismaClient.ts:805:24)\n    at SuperAdminRolesService.create (/Users/daniyal/files/dev/ws-server-setup/world-schools/apps/wc-nest-api/src/modules/superadmin/roles/roles.service.ts:19:26)\n    at SuperAdminRolesController.create (/Users/daniyal/files/dev/ws-server-setup/world-schools/apps/wc-nest-api/src/modules/superadmin/roles/roles.controller.ts:24:18)"
}

{
  "timestamp": "2025-12-09T11:21:07.628Z",
  "exception": {
    "name": "PrismaClientValidationError",
    "clientVersion": "7.1.0"
  },
  "message": "\nInvalid `this.prisma.role.findUnique()` invocation in\n/Users/daniyal/files/dev/ws-server-setup/world-schools/apps/wc-nest-api/src/modules/superadmin/roles/roles.service.ts:19:49\n\n  16 const { permission_ids, ...roleData } = createRoleDto\n  17 \n  18 // Check if role with same name already exists (system-wide)\n→ 19 const existingRole = await this.prisma.role.findUnique({\n       where: {\n         name_providerId: {\n           name: \"Test Error Log 2\",\n     +     providerId: String\n         }\n       }\n     })\n\nArgument `providerId` must not be null.",
  "stack": "PrismaClientValidationError: \nInvalid `this.prisma.role.findUnique()` invocation in\n/Users/daniyal/files/dev/ws-server-setup/world-schools/apps/wc-nest-api/src/modules/superadmin/roles/roles.service.ts:19:49\n\n  16 const { permission_ids, ...roleData } = createRoleDto\n  17 \n  18 // Check if role with same name already exists (system-wide)\n→ 19 const existingRole = await this.prisma.role.findUnique({\n       where: {\n         name_providerId: {\n           name: \"Test Error Log 2\",\n     +     providerId: String\n         }\n       }\n     })\n\nArgument `providerId` must not be null.\n    at throwValidationException (/Users/daniyal/files/dev/ws-server-setup/world-schools/node_modules/@prisma/client/src/runtime/core/errorRendering/throwValidationException.ts:46:9)\n    at qr.handleRequestError (/Users/daniyal/files/dev/ws-server-setup/world-schools/node_modules/@prisma/client/src/runtime/RequestHandler.ts:202:7)\n    at qr.handleAndLogRequestError (/Users/daniyal/files/dev/ws-server-setup/world-schools/node_modules/@prisma/client/src/runtime/RequestHandler.ts:174:12)\n    at qr.request (/Users/daniyal/files/dev/ws-server-setup/world-schools/node_modules/@prisma/client/src/runtime/RequestHandler.ts:143:12)\n    at processTicksAndRejections (node:internal/process/task_queues:105:5)\n    at a (/Users/daniyal/files/dev/ws-server-setup/world-schools/node_modules/@prisma/client/src/runtime/getPrismaClient.ts:805:24)\n    at SuperAdminRolesService.create (/Users/daniyal/files/dev/ws-server-setup/world-schools/apps/wc-nest-api/src/modules/superadmin/roles/roles.service.ts:19:26)\n    at SuperAdminRolesController.create (/Users/daniyal/files/dev/ws-server-setup/world-schools/apps/wc-nest-api/src/modules/superadmin/roles/roles.controller.ts:24:18)"
}

{
  "timestamp": "2025-12-09T11:21:20.747Z",
  "exception": {
    "name": "PrismaClientValidationError",
    "clientVersion": "7.1.0"
  },
  "message": "\nInvalid `this.prisma.role.findUnique()` invocation in\n/Users/daniyal/files/dev/ws-server-setup/world-schools/apps/wc-nest-api/src/modules/superadmin/roles/roles.service.ts:19:49\n\n  16 const { permission_ids, ...roleData } = createRoleDto\n  17 \n  18 // Check if role with same name already exists (system-wide)\n→ 19 const existingRole = await this.prisma.role.findUnique({\n       where: {\n         name_providerId: {\n           name: \"Test Now\",\n     +     providerId: String\n         }\n       }\n     })\n\nArgument `providerId` must not be null.",
  "stack": "PrismaClientValidationError: \nInvalid `this.prisma.role.findUnique()` invocation in\n/Users/daniyal/files/dev/ws-server-setup/world-schools/apps/wc-nest-api/src/modules/superadmin/roles/roles.service.ts:19:49\n\n  16 const { permission_ids, ...roleData } = createRoleDto\n  17 \n  18 // Check if role with same name already exists (system-wide)\n→ 19 const existingRole = await this.prisma.role.findUnique({\n       where: {\n         name_providerId: {\n           name: \"Test Now\",\n     +     providerId: String\n         }\n       }\n     })\n\nArgument `providerId` must not be null.\n    at throwValidationException (/Users/daniyal/files/dev/ws-server-setup/world-schools/node_modules/@prisma/client/src/runtime/core/errorRendering/throwValidationException.ts:46:9)\n    at qr.handleRequestError (/Users/daniyal/files/dev/ws-server-setup/world-schools/node_modules/@prisma/client/src/runtime/RequestHandler.ts:202:7)\n    at qr.handleAndLogRequestError (/Users/daniyal/files/dev/ws-server-setup/world-schools/node_modules/@prisma/client/src/runtime/RequestHandler.ts:174:12)\n    at qr.request (/Users/daniyal/files/dev/ws-server-setup/world-schools/node_modules/@prisma/client/src/runtime/RequestHandler.ts:143:12)\n    at processTicksAndRejections (node:internal/process/task_queues:105:5)\n    at a (/Users/daniyal/files/dev/ws-server-setup/world-schools/node_modules/@prisma/client/src/runtime/getPrismaClient.ts:805:24)\n    at SuperAdminRolesService.create (/Users/daniyal/files/dev/ws-server-setup/world-schools/apps/wc-nest-api/src/modules/superadmin/roles/roles.service.ts:19:26)\n    at SuperAdminRolesController.create (/Users/daniyal/files/dev/ws-server-setup/world-schools/apps/wc-nest-api/src/modules/superadmin/roles/roles.controller.ts:24:18)"
}

